<?xml version="1.0" encoding="UTF-8"?>
<testsuite xmlns:xsi="http://www.w3.org/2001/XMLSchema-instance" xsi:noNamespaceSchemaLocation="https://maven.apache.org/surefire/maven-surefire-plugin/xsd/surefire-test-report-3.0.xsd" version="3.0" name="runner.TestRunner" time="0.686" tests="1" errors="1" skipped="0" failures="0">
  <properties>
[...]
</properties>
  <testcase name="Successful Login" classname="Login to Sample App" time="0.152">
    <error message="&apos;void org.openqa.selenium.remote.http.ClientConfig.&lt;init&gt;(java.net.URI, java.time.Duration, java.time.Duration, org.openqa.selenium.remote.http.Filter, java.net.Proxy, org.openqa.selenium.Credentials)&apos;" type="java.lang.NoSuchMethodError"><![CDATA[java.lang.NoSuchMethodError: 'void org.openqa.selenium.remote.http.ClientConfig.<init>(java.net.URI, java.time.Duration, java.time.Duration, org.openqa.selenium.remote.http.Filter, java.net.Proxy, org.openqa.selenium.Credentials)'
	at io.appium.java_client.AppiumClientConfig.<init>(AppiumClientConfig.java:62)
	at io.appium.java_client.AppiumClientConfig.defaultConfig(AppiumClientConfig.java:79)
	at io.appium.java_client.remote.AppiumCommandExecutor.<init>(AppiumCommandExecutor.java:109)
	at io.appium.java_client.AppiumDriver.<init>(AppiumDriver.java:101)
	at io.appium.java_client.android.AndroidDriver.<init>(AndroidDriver.java:113)
	at stepdefinitions.Login.the_app_is_launched(Login.java:23)
	at ✽.the app is launched(file:///C:/Users/user/Downloads/AppiumLoginProject/src/test/resources/features/Login.feature:4)
]]></error>
    <system-out><![CDATA[
Scenario: Successful Login              # src/test/resources/features/Login.feature:3
  Given the app is launched             # stepdefinitions.Login.the_app_is_launched()
      java.lang.NoSuchMethodError: 'void org.openqa.selenium.remote.http.ClientConfig.<init>(java.net.URI, java.time.Duration, java.time.Duration, org.openqa.selenium.remote.http.Filter, java.net.Proxy, org.openqa.selenium.Credentials)'
	at io.appium.java_client.AppiumClientConfig.<init>(AppiumClientConfig.java:62)
	at io.appium.java_client.AppiumClientConfig.defaultConfig(AppiumClientConfig.java:79)
	at io.appium.java_client.remote.AppiumCommandExecutor.<init>(AppiumCommandExecutor.java:109)
	at io.appium.java_client.AppiumDriver.<init>(AppiumDriver.java:101)
	at io.appium.java_client.android.AndroidDriver.<init>(AndroidDriver.java:113)
	at stepdefinitions.Login.the_app_is_launched(Login.java:23)
	at ✽.the app is launched(file:///C:/Users/user/Downloads/AppiumLoginProject/src/test/resources/features/Login.feature:4)

  When I enter username "standard_user" # stepdefinitions.Login.i_enter_username(java.lang.String)
  And I enter password "secret_sauce"   # stepdefinitions.Login.i_enter_password(java.lang.String)
  And I tap the login button            # stepdefinitions.Login.i_tap_the_login_button()
  Then I should see the product page    # stepdefinitions.Login.i_should_see_the_product_page()
]]></system-out>
  </testcase>
</testsuite>